<?xml version="1.0" encoding="UTF-8"?>
<testng-results ignored="0" total="1" passed="1" failed="0" skipped="0">
  <reporter-output>
  </reporter-output>
  <suite started-at="2024-09-14T12:44:09 IST" name="Default suite" finished-at="2024-09-14T12:44:20 IST" duration-ms="11440">
    <groups>
    </groups>
    <test started-at="2024-09-14T12:44:09 IST" name="Default test" finished-at="2024-09-14T12:44:20 IST" duration-ms="11440">
      <class name="com.bstackflow.testlayer.LoginTest">
        <test-method is-config="true" signature="setUp()[pri:0, instance:com.bstackflow.testlayer.LoginTest@55b7a4e0]" started-at="2024-09-14T12:44:09 IST" name="setUp" finished-at="2024-09-14T12:44:15 IST" duration-ms="6234" status="PASS">
          <reporter-output>
          </reporter-output>
        </test-method> <!-- setUp -->
        <test-method signature="VerifyRegisterWithValidDetails()[pri:0, instance:com.bstackflow.testlayer.LoginTest@55b7a4e0]" started-at="2024-09-14T12:44:15 IST" name="VerifyRegisterWithValidDetails" finished-at="2024-09-14T12:44:20 IST" duration-ms="5128" status="PASS">
          <reporter-output>
          </reporter-output>
        </test-method> <!-- VerifyRegisterWithValidDetails -->
        <test-method is-config="true" signature="tearDown()[pri:0, instance:com.bstackflow.testlayer.LoginTest@55b7a4e0]" started-at="2024-09-14T12:44:20 IST" name="tearDown" finished-at="2024-09-14T12:44:20 IST" duration-ms="1" status="PASS">
          <reporter-output>
          </reporter-output>
        </test-method> <!-- tearDown -->
      </class> <!-- com.bstackflow.testlayer.LoginTest -->
    </test> <!-- Default test -->
  </suite> <!-- Default suite -->
</testng-results>
